[12-Feb-2022 10:34:14 UTC] Xdebug: [Step Debug] Time-out connecting to debugging client, waited: 200 ms. Tried: localhost:9000 (fallback through xdebug.client_host/xdebug.client_port) :-(
[12-Feb-2022 10:34:14 UTC] Xdebug: [Step Debug] Time-out connecting to debugging client, waited: 200 ms. Tried: localhost:9000 (fallback through xdebug.client_host/xdebug.client_port) :-(
[12-Feb-2022 10:34:15 UTC] Xdebug: [Step Debug] Time-out connecting to debugging client, waited: 200 ms. Tried: localhost:9000 (fallback through xdebug.client_host/xdebug.client_port) :-(
[12-Feb-2022 10:34:15 UTC] Xdebug: [Step Debug] Time-out connecting to debugging client, waited: 200 ms. Tried: localhost:9000 (fallback through xdebug.client_host/xdebug.client_port) :-(
[12-Feb-2022 10:34:16 UTC] Xdebug: [Step Debug] Time-out connecting to debugging client, waited: 200 ms. Tried: localhost:9000 (fallback through xdebug.client_host/xdebug.client_port) :-(
[12-Feb-2022 10:34:16 UTC] Xdebug: [Step Debug] Time-out connecting to debugging client, waited: 200 ms. Tried: localhost:9000 (fallback through xdebug.client_host/xdebug.client_port) :-(
[12-Feb-2022 10:34:16 UTC] Xdebug: [Step Debug] Time-out connecting to debugging client, waited: 200 ms. Tried: localhost:9000 (fallback through xdebug.client_host/xdebug.client_port) :-(
[12-Feb-2022 10:34:16 UTC] Xdebug: [Step Debug] Time-out connecting to debugging client, waited: 200 ms. Tried: localhost:9000 (fallback through xdebug.client_host/xdebug.client_port) :-(
[12-Feb-2022 11:36:23 UTC] Xdebug: [Step Debug] Time-out connecting to debugging client, waited: 200 ms. Tried: localhost:9000 (fallback through xdebug.client_host/xdebug.client_port) :-(
[12-Feb-2022 11:36:23 UTC] Xdebug: [Step Debug] Time-out connecting to debugging client, waited: 200 ms. Tried: localhost:9000 (fallback through xdebug.client_host/xdebug.client_port) :-(
[12-Feb-2022 11:36:24 UTC] Xdebug: [Step Debug] Time-out connecting to debugging client, waited: 200 ms. Tried: localhost:9000 (fallback through xdebug.client_host/xdebug.client_port) :-(
[12-Feb-2022 11:36:24 UTC] Xdebug: [Step Debug] Time-out connecting to debugging client, waited: 200 ms. Tried: localhost:9000 (fallback through xdebug.client_host/xdebug.client_port) :-(
[12-Feb-2022 11:36:25 UTC] Xdebug: [Step Debug] Time-out connecting to debugging client, waited: 200 ms. Tried: localhost:9000 (fallback through xdebug.client_host/xdebug.client_port) :-(
[12-Feb-2022 11:36:25 UTC] Xdebug: [Step Debug] Time-out connecting to debugging client, waited: 200 ms. Tried: localhost:9000 (fallback through xdebug.client_host/xdebug.client_port) :-(
[12-Feb-2022 11:36:25 UTC] Xdebug: [Step Debug] Time-out connecting to debugging client, waited: 200 ms. Tried: localhost:9000 (fallback through xdebug.client_host/xdebug.client_port) :-(
[12-Feb-2022 11:36:25 UTC] Xdebug: [Step Debug] Time-out connecting to debugging client, waited: 200 ms. Tried: localhost:9000 (fallback through xdebug.client_host/xdebug.client_port) :-(
[12-Feb-2022 11:36:30 UTC] Xdebug: [Step Debug] Time-out connecting to debugging client, waited: 200 ms. Tried: localhost:9000 (fallback through xdebug.client_host/xdebug.client_port) :-(
[12-Feb-2022 11:36:30 UTC] Xdebug: [Step Debug] Time-out connecting to debugging client, waited: 200 ms. Tried: localhost:9000 (fallback through xdebug.client_host/xdebug.client_port) :-(
[12-Feb-2022 11:36:31 UTC] Xdebug: [Step Debug] Time-out connecting to debugging client, waited: 200 ms. Tried: localhost:9000 (fallback through xdebug.client_host/xdebug.client_port) :-(
[12-Feb-2022 11:36:31 UTC] Xdebug: [Step Debug] Time-out connecting to debugging client, waited: 200 ms. Tried: localhost:9000 (fallback through xdebug.client_host/xdebug.client_port) :-(
[12-Feb-2022 11:36:31 UTC] Xdebug: [Step Debug] Time-out connecting to debugging client, waited: 200 ms. Tried: localhost:9000 (fallback through xdebug.client_host/xdebug.client_port) :-(
[12-Feb-2022 11:36:31 UTC] Xdebug: [Step Debug] Time-out connecting to debugging client, waited: 200 ms. Tried: localhost:9000 (fallback through xdebug.client_host/xdebug.client_port) :-(
[12-Feb-2022 11:36:32 UTC] Xdebug: [Step Debug] Time-out connecting to debugging client, waited: 200 ms. Tried: localhost:9000 (fallback through xdebug.client_host/xdebug.client_port) :-(
[12-Feb-2022 11:36:32 UTC] Xdebug: [Step Debug] Time-out connecting to debugging client, waited: 200 ms. Tried: localhost:9000 (fallback through xdebug.client_host/xdebug.client_port) :-(
[12-Feb-2022 12:42:11 UTC] Xdebug: [Step Debug] Time-out connecting to debugging client, waited: 200 ms. Tried: localhost:9000 (fallback through xdebug.client_host/xdebug.client_port) :-(
[12-Feb-2022 12:42:11 UTC] Xdebug: [Step Debug] Time-out connecting to debugging client, waited: 200 ms. Tried: localhost:9000 (fallback through xdebug.client_host/xdebug.client_port) :-(
[12-Feb-2022 12:42:12 UTC] Xdebug: [Step Debug] Time-out connecting to debugging client, waited: 200 ms. Tried: localhost:9000 (fallback through xdebug.client_host/xdebug.client_port) :-(
[12-Feb-2022 12:42:12 UTC] Xdebug: [Step Debug] Time-out connecting to debugging client, waited: 200 ms. Tried: localhost:9000 (fallback through xdebug.client_host/xdebug.client_port) :-(
[12-Feb-2022 12:42:12 UTC] Xdebug: [Step Debug] Time-out connecting to debugging client, waited: 200 ms. Tried: localhost:9000 (fallback through xdebug.client_host/xdebug.client_port) :-(
[12-Feb-2022 12:42:12 UTC] Xdebug: [Step Debug] Time-out connecting to debugging client, waited: 200 ms. Tried: localhost:9000 (fallback through xdebug.client_host/xdebug.client_port) :-(
[12-Feb-2022 12:42:13 UTC] Xdebug: [Step Debug] Time-out connecting to debugging client, waited: 200 ms. Tried: localhost:9000 (fallback through xdebug.client_host/xdebug.client_port) :-(
[12-Feb-2022 12:42:13 UTC] Xdebug: [Step Debug] Time-out connecting to debugging client, waited: 200 ms. Tried: localhost:9000 (fallback through xdebug.client_host/xdebug.client_port) :-(
[12-Feb-2022 12:42:53 UTC] Xdebug: [Step Debug] Time-out connecting to debugging client, waited: 200 ms. Tried: localhost:9000 (fallback through xdebug.client_host/xdebug.client_port) :-(
[12-Feb-2022 12:42:53 UTC] Xdebug: [Step Debug] Time-out connecting to debugging client, waited: 200 ms. Tried: localhost:9000 (fallback through xdebug.client_host/xdebug.client_port) :-(
[12-Feb-2022 12:42:54 UTC] Xdebug: [Step Debug] Time-out connecting to debugging client, waited: 200 ms. Tried: localhost:9000 (fallback through xdebug.client_host/xdebug.client_port) :-(
[12-Feb-2022 12:42:54 UTC] Xdebug: [Step Debug] Time-out connecting to debugging client, waited: 200 ms. Tried: localhost:9000 (fallback through xdebug.client_host/xdebug.client_port) :-(
[12-Feb-2022 12:42:55 UTC] Xdebug: [Step Debug] Time-out connecting to debugging client, waited: 200 ms. Tried: localhost:9000 (fallback through xdebug.client_host/xdebug.client_port) :-(
[12-Feb-2022 12:42:55 UTC] Xdebug: [Step Debug] Time-out connecting to debugging client, waited: 200 ms. Tried: localhost:9000 (fallback through xdebug.client_host/xdebug.client_port) :-(
[12-Feb-2022 12:42:55 UTC] Xdebug: [Step Debug] Time-out connecting to debugging client, waited: 200 ms. Tried: localhost:9000 (fallback through xdebug.client_host/xdebug.client_port) :-(
[12-Feb-2022 12:42:55 UTC] Xdebug: [Step Debug] Time-out connecting to debugging client, waited: 200 ms. Tried: localhost:9000 (fallback through xdebug.client_host/xdebug.client_port) :-(
[12-Feb-2022 12:43:14 UTC] Xdebug: [Step Debug] Time-out connecting to debugging client, waited: 200 ms. Tried: localhost:9000 (fallback through xdebug.client_host/xdebug.client_port) :-(
[12-Feb-2022 12:43:14 UTC] Xdebug: [Step Debug] Time-out connecting to debugging client, waited: 200 ms. Tried: localhost:9000 (fallback through xdebug.client_host/xdebug.client_port) :-(
[12-Feb-2022 12:43:14 UTC] Xdebug: [Step Debug] Time-out connecting to debugging client, waited: 200 ms. Tried: localhost:9000 (fallback through xdebug.client_host/xdebug.client_port) :-(
[12-Feb-2022 12:43:14 UTC] Xdebug: [Step Debug] Time-out connecting to debugging client, waited: 200 ms. Tried: localhost:9000 (fallback through xdebug.client_host/xdebug.client_port) :-(
[12-Feb-2022 12:43:15 UTC] Xdebug: [Step Debug] Time-out connecting to debugging client, waited: 200 ms. Tried: localhost:9000 (fallback through xdebug.client_host/xdebug.client_port) :-(
[12-Feb-2022 12:43:15 UTC] Xdebug: [Step Debug] Time-out connecting to debugging client, waited: 200 ms. Tried: localhost:9000 (fallback through xdebug.client_host/xdebug.client_port) :-(
[12-Feb-2022 12:43:15 UTC] Xdebug: [Step Debug] Time-out connecting to debugging client, waited: 200 ms. Tried: localhost:9000 (fallback through xdebug.client_host/xdebug.client_port) :-(
[12-Feb-2022 12:43:15 UTC] Xdebug: [Step Debug] Time-out connecting to debugging client, waited: 200 ms. Tried: localhost:9000 (fallback through xdebug.client_host/xdebug.client_port) :-(
[12-Feb-2022 12:43:19 UTC] Xdebug: [Step Debug] Time-out connecting to debugging client, waited: 200 ms. Tried: localhost:9000 (fallback through xdebug.client_host/xdebug.client_port) :-(
[12-Feb-2022 12:43:19 UTC] Xdebug: [Step Debug] Time-out connecting to debugging client, waited: 200 ms. Tried: localhost:9000 (fallback through xdebug.client_host/xdebug.client_port) :-(
[12-Feb-2022 12:43:19 UTC] Xdebug: [Step Debug] Time-out connecting to debugging client, waited: 200 ms. Tried: localhost:9000 (fallback through xdebug.client_host/xdebug.client_port) :-(
[12-Feb-2022 12:43:19 UTC] Xdebug: [Step Debug] Time-out connecting to debugging client, waited: 200 ms. Tried: localhost:9000 (fallback through xdebug.client_host/xdebug.client_port) :-(
[12-Feb-2022 12:43:20 UTC] Xdebug: [Step Debug] Time-out connecting to debugging client, waited: 200 ms. Tried: ::1:9000 (from HTTP_X_FORWARDED_FOR HTTP header), localhost:9000 (fallback through xdebug.client_host/xdebug.client_port) :-(
[12-Feb-2022 12:43:20 UTC] Xdebug: [Step Debug] Time-out connecting to debugging client, waited: 200 ms. Tried: localhost:9000 (fallback through xdebug.client_host/xdebug.client_port) :-(
[12-Feb-2022 12:43:20 UTC] Xdebug: [Step Debug] Time-out connecting to debugging client, waited: 200 ms. Tried: localhost:9000 (fallback through xdebug.client_host/xdebug.client_port) :-(
[12-Feb-2022 12:43:20 UTC] Xdebug: [Step Debug] Time-out connecting to debugging client, waited: 200 ms. Tried: localhost:9000 (fallback through xdebug.client_host/xdebug.client_port) :-(
[12-Feb-2022 12:43:20 UTC] Xdebug: [Step Debug] Time-out connecting to debugging client, waited: 200 ms. Tried: localhost:9000 (fallback through xdebug.client_host/xdebug.client_port) :-(
[12-Feb-2022 12:43:20 UTC] Xdebug: [Step Debug] Time-out connecting to debugging client, waited: 200 ms. Tried: ::1:9000 (from HTTP_X_FORWARDED_FOR HTTP header), localhost:9000 (fallback through xdebug.client_host/xdebug.client_port) :-(
[12-Feb-2022 12:43:21 UTC] PHP Warning:  require(F:\PROJECT\blog\Local Sites\test05\app\public/wp-includes/option.php): Failed to open stream: No such file or directory in F:\PROJECT\blog\Local Sites\test05\app\public\wp-includes\functions.php on line 8
[12-Feb-2022 12:43:21 UTC] PHP Stack trace:
[12-Feb-2022 12:43:21 UTC] PHP   1. {main}() F:\PROJECT\blog\Local Sites\test05\app\public\index.php:0
[12-Feb-2022 12:43:21 UTC] PHP   2. require() F:\PROJECT\blog\Local Sites\test05\app\public\index.php:17
[12-Feb-2022 12:43:21 UTC] PHP   3. require_once() F:\PROJECT\blog\Local Sites\test05\app\public\wp-blog-header.php:13
[12-Feb-2022 12:43:21 UTC] PHP   4. require_once() F:\PROJECT\blog\Local Sites\test05\app\public\wp-load.php:67
[12-Feb-2022 12:43:21 UTC] PHP Fatal error:  Uncaught Error: Failed opening required 'F:\PROJECT\blog\Local Sites\test05\app\public/wp-includes/option.php' (include_path='.:/usr/share/php:/www/wp-content/pear') in F:\PROJECT\blog\Local Sites\test05\app\public\wp-includes\functions.php:8
Stack trace:
#0 F:\PROJECT\blog\Local Sites\test05\app\public\wp-load.php(67): require_once()
#1 F:\PROJECT\blog\Local Sites\test05\app\public\wp-blog-header.php(13): require_once('F:\\PROJECT\\blog...')
#2 F:\PROJECT\blog\Local Sites\test05\app\public\index.php(17): require('F:\\PROJECT\\blog...')
#3 {main}
  thrown in F:\PROJECT\blog\Local Sites\test05\app\public\wp-includes\functions.php on line 8
[12-Feb-2022 12:43:22 UTC] Xdebug: [Step Debug] Time-out connecting to debugging client, waited: 200 ms. Tried: ::1:9000 (from HTTP_X_FORWARDED_FOR HTTP header), localhost:9000 (fallback through xdebug.client_host/xdebug.client_port) :-(
[12-Feb-2022 12:43:22 UTC] Xdebug: [Step Debug] Time-out connecting to debugging client, waited: 200 ms. Tried: ::1:9000 (from HTTP_X_FORWARDED_FOR HTTP header), localhost:9000 (fallback through xdebug.client_host/xdebug.client_port) :-(
[12-Feb-2022 12:43:22 UTC] PHP Warning:  require(F:\PROJECT\blog\Local Sites\test05\app\public/wp-includes/option.php): Failed to open stream: No such file or directory in F:\PROJECT\blog\Local Sites\test05\app\public\wp-includes\functions.php on line 8
[12-Feb-2022 12:43:22 UTC] PHP Stack trace:
[12-Feb-2022 12:43:22 UTC] PHP   1. {main}() F:\PROJECT\blog\Local Sites\test05\app\public\index.php:0
[12-Feb-2022 12:43:22 UTC] PHP   2. require() F:\PROJECT\blog\Local Sites\test05\app\public\index.php:17
[12-Feb-2022 12:43:22 UTC] PHP   3. require_once() F:\PROJECT\blog\Local Sites\test05\app\public\wp-blog-header.php:13
[12-Feb-2022 12:43:22 UTC] PHP   4. require_once() F:\PROJECT\blog\Local Sites\test05\app\public\wp-load.php:67
[12-Feb-2022 12:43:22 UTC] PHP Fatal error:  Uncaught Error: Failed opening required 'F:\PROJECT\blog\Local Sites\test05\app\public/wp-includes/option.php' (include_path='.:/usr/share/php:/www/wp-content/pear') in F:\PROJECT\blog\Local Sites\test05\app\public\wp-includes\functions.php:8
Stack trace:
#0 F:\PROJECT\blog\Local Sites\test05\app\public\wp-load.php(67): require_once()
#1 F:\PROJECT\blog\Local Sites\test05\app\public\wp-blog-header.php(13): require_once('F:\\PROJECT\\blog...')
#2 F:\PROJECT\blog\Local Sites\test05\app\public\index.php(17): require('F:\\PROJECT\\blog...')
#3 {main}
  thrown in F:\PROJECT\blog\Local Sites\test05\app\public\wp-includes\functions.php on line 8
